<?xml version="1.0" encoding="UTF-8"?>
<!-- Generated by org.testng.reporters.JUnitReportReporter -->
<testsuite hostname="Masum" failures="0" tests="1" name="runner.TestRunner" time="15.313" errors="0" timestamp="2024-11-20T03:59:18 IST" skipped="0">
  <testcase classname="runner.TestRunner" name="runScenario" time="15.313"/>
</testsuite> <!-- runner.TestRunner -->
