<?xml version="1.0" encoding="UTF-8"?>
<!-- Generated by org.testng.reporters.JUnitReportReporter -->
<testsuite hostname="Masum" failures="0" tests="3" name="runner.TestRunner" time="60.038" errors="0" timestamp="2024-11-21T23:10:19 IST" skipped="0">
  <testcase classname="runner.TestRunner" name="runScenario" time="21.088"/>
  <testcase classname="runner.TestRunner" name="runScenario" time="18.831"/>
  <testcase classname="runner.TestRunner" name="runScenario" time="20.119"/>
</testsuite> <!-- runner.TestRunner -->
