<?xml version="1.0" encoding="UTF-8"?>
<!-- Generated by org.testng.reporters.JUnitReportReporter -->
<testsuite hostname="Masum" failures="0" tests="1" name="runner.TestRunner" time="15.346" errors="0" timestamp="2024-11-20T04:02:52 IST" skipped="0">
  <testcase classname="runner.TestRunner" name="runScenario" time="15.346"/>
</testsuite> <!-- runner.TestRunner -->
